<?xml version="1.0" encoding="UTF-8"?>
<!-- Generated by org.testng.reporters.JUnitXMLReporter -->
<testsuite ignored="0" hostname="SUMGUPTA-WN3570" failures="0" tests="3" name="home Loan" time="0.014" errors="0" timestamp="2025-03-25T16:11:36 PDT">
  <testcase classname="Test.day4" name="APILoginhomeLoan" time="0.001"/>
  <testcase classname="Test.day4" name="MobileLoginHomeLoan" time="0.002"/>
  <testcase classname="Test.day4" name="webLoginHomeLoan" time="0.002"/>
</testsuite> <!-- home Loan -->
