<?xml version="1.0" encoding="UTF-8"?>
<!-- Generated by org.testng.reporters.JUnitXMLReporter -->
<testsuite ignored="0" hostname="SUMGUPTA-WN3570" failures="0" tests="3" name="Default test" time="0.105" errors="0" timestamp="2025-03-25T10:30:41 PDT">
  <testcase classname="Test.day3" name="APILoginCarLoan" time="0.022"/>
  <testcase classname="Test.day3" name="MobileLoginCarLoan" time="0.004"/>
  <testcase classname="Test.day3" name="webLoginCarLoan" time="0.002"/>
</testsuite> <!-- Default test -->
