<?xml version="1.0" encoding="UTF-8"?>
<testng-results ignored="0" total="9" passed="9" failed="0" skipped="0">
  <reporter-output>
  </reporter-output>
  <suite started-at="2025-03-25T16:11:36 PDT" name="Loan dept" finished-at="2025-03-25T16:11:36 PDT" duration-ms="287">
    <groups>
    </groups>
    <test started-at="2025-03-25T16:11:36 PDT" name="Personal Loan" finished-at="2025-03-25T16:11:36 PDT" duration-ms="80">
      <class name="Test.day1">
        <test-method signature="demo()[pri:0, instance:Test.day1@2d3379b4]" started-at="2025-03-25T16:11:36 PDT" name="demo" finished-at="2025-03-25T16:11:36 PDT" duration-ms="2" status="PASS">
          <reporter-output>
          </reporter-output>
        </test-method> <!-- demo -->
        <test-method signature="secondTest()[pri:0, instance:Test.day1@2d3379b4]" started-at="2025-03-25T16:11:36 PDT" name="secondTest" finished-at="2025-03-25T16:11:36 PDT" duration-ms="3" status="PASS">
          <reporter-output>
          </reporter-output>
        </test-method> <!-- secondTest -->
      </class> <!-- Test.day1 -->
      <class name="Test.day2">
        <test-method signature="ploan()[pri:0, instance:Test.day2@33d512c1]" started-at="2025-03-25T16:11:36 PDT" name="ploan" finished-at="2025-03-25T16:11:36 PDT" duration-ms="16" status="PASS">
          <reporter-output>
          </reporter-output>
        </test-method> <!-- ploan -->
      </class> <!-- Test.day2 -->
    </test> <!-- Personal Loan -->
    <test started-at="2025-03-25T16:11:36 PDT" name="Car Loan" finished-at="2025-03-25T16:11:36 PDT" duration-ms="18">
      <class name="Test.day3">
        <test-method signature="APILoginCarLoan()[pri:0, instance:Test.day3@8297b3a]" started-at="2025-03-25T16:11:36 PDT" name="APILoginCarLoan" finished-at="2025-03-25T16:11:36 PDT" duration-ms="2" status="PASS">
          <reporter-output>
          </reporter-output>
        </test-method> <!-- APILoginCarLoan -->
        <test-method signature="MobileLoginCarLoan()[pri:0, instance:Test.day3@8297b3a]" started-at="2025-03-25T16:11:36 PDT" name="MobileLoginCarLoan" finished-at="2025-03-25T16:11:36 PDT" duration-ms="2" status="PASS">
          <reporter-output>
          </reporter-output>
        </test-method> <!-- MobileLoginCarLoan -->
        <test-method signature="webLoginCarLoan()[pri:0, instance:Test.day3@8297b3a]" started-at="2025-03-25T16:11:36 PDT" name="webLoginCarLoan" finished-at="2025-03-25T16:11:36 PDT" duration-ms="3" status="PASS">
          <reporter-output>
          </reporter-output>
        </test-method> <!-- webLoginCarLoan -->
      </class> <!-- Test.day3 -->
    </test> <!-- Car Loan -->
    <test started-at="2025-03-25T16:11:36 PDT" name="home Loan" finished-at="2025-03-25T16:11:36 PDT" duration-ms="14">
      <class name="Test.day4">
        <test-method signature="APILoginhomeLoan()[pri:0, instance:Test.day4@544fa968]" started-at="2025-03-25T16:11:36 PDT" name="APILoginhomeLoan" finished-at="2025-03-25T16:11:36 PDT" duration-ms="1" status="PASS">
          <reporter-output>
          </reporter-output>
        </test-method> <!-- APILoginhomeLoan -->
        <test-method signature="MobileLoginHomeLoan()[pri:0, instance:Test.day4@544fa968]" started-at="2025-03-25T16:11:36 PDT" name="MobileLoginHomeLoan" finished-at="2025-03-25T16:11:36 PDT" duration-ms="2" status="PASS">
          <reporter-output>
          </reporter-output>
        </test-method> <!-- MobileLoginHomeLoan -->
        <test-method signature="webLoginHomeLoan()[pri:0, instance:Test.day4@544fa968]" started-at="2025-03-25T16:11:36 PDT" name="webLoginHomeLoan" finished-at="2025-03-25T16:11:36 PDT" duration-ms="2" status="PASS">
          <reporter-output>
          </reporter-output>
        </test-method> <!-- webLoginHomeLoan -->
      </class> <!-- Test.day4 -->
    </test> <!-- home Loan -->
  </suite> <!-- Loan dept -->
</testng-results>
